GROUP,PACKAGE,CLASS,INSTRUCTION_MISSED,INSTRUCTION_COVERED,BRANCH_MISSED,BRANCH_COVERED,LINE_MISSED,LINE_COVERED,COMPLEXITY_MISSED,COMPLEXITY_COVERED,METHOD_MISSED,METHOD_COVERED
plataforma-contenidos,ar.edu.unahur.obj2.w2j.planes,PlanBasico,0,42,0,2,0,9,0,4,0,3
plataforma-contenidos,ar.edu.unahur.obj2.w2j.contenidos,IDRA,21,0,0,0,7,0,5,0,5,0
plataforma-contenidos,ar.edu.unahur.obj2.w2j.contenidos,Pelicula,0,8,0,0,0,3,0,2,0,2
plataforma-contenidos,ar.edu.unahur.obj2.w2j.contenidos,Documental,8,0,0,0,3,0,2,0,2,0
plataforma-contenidos,ar.edu.unahur.obj2.w2j.contenidos,Contenido,11,21,0,0,5,6,3,3,3,3
plataforma-contenidos,ar.edu.unahur.obj2.w2j.usuarios,Usuario,28,47,0,0,7,10,3,5,3,5
