<?xml version="1.0" encoding="UTF-8"?>
<testsuite xmlns:xsi="http://www.w3.org/2001/XMLSchema-instance" xsi:noNamespaceSchemaLocation="https://maven.apache.org/surefire/maven-surefire-plugin/xsd/surefire-test-report-3.0.xsd" version="3.0" name="ar.edu.unahur.obj2.w2j.usuarios.UsuarioTest" time="0.068" tests="5" errors="0" skipped="0" failures="0">
  <properties>
[...]
</properties>
  <testcase name="dadoUnUsuarioConPlanBasicoYExcedentesSeCalculaSuCostoMensual" classname="ar.edu.unahur.obj2.w2j.usuarios.UsuarioTest" time="0.039"/>
  <testcase name="testVerContenido" classname="ar.edu.unahur.obj2.w2j.usuarios.UsuarioTest" time="0.001"/>
  <testcase name="testGetPlan" classname="ar.edu.unahur.obj2.w2j.usuarios.UsuarioTest" time="0.001"/>
  <testcase name="dadoUnUsuarioConPlanBasicoSeCalculaSuCostoMensual" classname="ar.edu.unahur.obj2.w2j.usuarios.UsuarioTest" time="0.0"/>
  <testcase name="testSetPlan" classname="ar.edu.unahur.obj2.w2j.usuarios.UsuarioTest" time="0.0"/>
</testsuite>